<?xml version="1.0" encoding="UTF-8"?>
<testng-results skipped="0" failed="0" ignored="0" total="1" passed="1">
  <reporter-output>
  </reporter-output>
  <suite name="Suite" duration-ms="48319" started-at="2019-08-11T06:23:15Z" finished-at="2019-08-11T06:24:03Z">
    <groups>
    </groups>
    <test name="Test" duration-ms="48319" started-at="2019-08-11T06:23:15Z" finished-at="2019-08-11T06:24:03Z">
      <class name="com.test.Actitime.TESTActitimeLogin">
        <test-method status="PASS" signature="openApp()[pri:0, instance:com.test.Actitime.TESTActitimeLogin@17d0685f]" name="openApp" is-config="true" duration-ms="35864" started-at="2019-08-11T06:23:15Z" finished-at="2019-08-11T06:23:51Z">
          <reporter-output>
          </reporter-output>
        </test-method> <!-- openApp -->
        <test-method status="PASS" signature="login()[pri:0, instance:com.test.Actitime.TESTActitimeLogin@17d0685f]" name="login" duration-ms="12390" started-at="2019-08-11T06:23:51Z" finished-at="2019-08-11T06:24:03Z">
          <reporter-output>
          </reporter-output>
        </test-method> <!-- login -->
        <test-method status="PASS" signature="closeApp()[pri:0, instance:com.test.Actitime.TESTActitimeLogin@17d0685f]" name="closeApp" is-config="true" duration-ms="0" started-at="2019-08-11T06:24:03Z" finished-at="2019-08-11T06:24:03Z">
          <reporter-output>
          </reporter-output>
        </test-method> <!-- closeApp -->
      </class> <!-- com.test.Actitime.TESTActitimeLogin -->
    </test> <!-- Test -->
  </suite> <!-- Suite -->
</testng-results>
